<?xml version="1.0" encoding="UTF-8"?>
<!-- Generated by org.testng.reporters.JUnitXMLReporter -->
<testsuite hostname="PC-261" ignored="4" name="Command line test" tests="4" failures="2" timestamp="02 Feb 2018 10:48:57 GMT" time="64.143" errors="0">
  <testcase name="test1" time="0.189" classname="testScripts.login.Log4JTest">
    <failure type="java.lang.IllegalStateException" message="The driver executable does not exist: C:\Users\anupam.chauhan\workspace\118-online-master\src\BrowserDrivers\chromedriver.exe">
      <![CDATA[java.lang.IllegalStateException: The driver executable does not exist: C:\Users\anupam.chauhan\workspace\118-online-master\src\BrowserDrivers\chromedriver.exe
	at com.google.common.base.Preconditions.checkState(Preconditions.java:534)
	at org.openqa.selenium.remote.service.DriverService.checkExecutable(DriverService.java:136)
	at org.openqa.selenium.remote.service.DriverService.findExecutable(DriverService.java:131)
	at org.openqa.selenium.chrome.ChromeDriverService.access$000(ChromeDriverService.java:32)
	at org.openqa.selenium.chrome.ChromeDriverService$Builder.findDefaultExecutable(ChromeDriverService.java:137)
	at org.openqa.selenium.remote.service.DriverService$Builder.build(DriverService.java:329)
	at org.openqa.selenium.chrome.ChromeDriverService.createDefaultService(ChromeDriverService.java:88)
	at org.openqa.selenium.chrome.ChromeDriver.<init>(ChromeDriver.java:124)
	at testScripts.login.Log4JTest.test1(Log4JTest.java:25)
... Removed 35 stack frames]]>
    </failure>
  </testcase> <!-- test1 -->
  <testcase name="test2" time="0.009" classname="testScripts.login.Log4JTest">
    <failure type="java.lang.NullPointerException">
      <![CDATA[java.lang.NullPointerException
	at testScripts.login.Log4JTest.test2(Log4JTest.java:40)
... Removed 35 stack frames]]>
    </failure>
  </testcase> <!-- test2 -->
  <testcase name="testLogin" time="7.563" classname="testScripts.login.TestLogin1Test"/>
  <testcase name="updateprofile" time="12.593" classname="testScripts.login.UpdateProfile1Test"/>
  <testcase name="@AfterSuite afterSuite" time="0.0" classname="testbase.TestBase">
    <ignored/>
  </testcase> <!-- @AfterSuite afterSuite -->
  <testcase name="@AfterTest AfterTest1" time="0.0" classname="testbase.TestBase">
    <ignored/>
  </testcase> <!-- @AfterTest AfterTest1 -->
  <testcase name="@BeforeSuite beforeSuite" time="0.0" classname="testbase.TestBase">
    <ignored/>
  </testcase> <!-- @BeforeSuite beforeSuite -->
  <testcase name="@BeforeTest beforeTest" time="0.0" classname="testbase.TestBase">
    <ignored/>
  </testcase> <!-- @BeforeTest beforeTest -->
</testsuite> <!-- Command line test -->
