<?xml version="1.0" encoding="UTF-8"?>
<testng-results skipped="1" failed="1" ignored="0" total="5" passed="3">
  <reporter-output>
    <line>
      <![CDATA[waiting for page to load...]]>
    </line>
    <line>
      <![CDATA[Page is loaded]]>
    </line>
    <line>
      <![CDATA[entering userName to the userName textbox]]>
    </line>
    <line>
      <![CDATA[entering password to the password textbox]]>
    </line>
    <line>
      <![CDATA[clicking on login button]]>
    </line>
    <line>
      <![CDATA[waiting for page to load...]]>
    </line>
    <line>
      <![CDATA[Page is loaded]]>
    </line>
    <line>
      <![CDATA[entering userName to the userName textbox]]>
    </line>
    <line>
      <![CDATA[entering password to the password textbox]]>
    </line>
    <line>
      <![CDATA[clicking on login button]]>
    </line>
    <line>
      <![CDATA[entering First name to the FirstName textbox]]>
    </line>
    <line>
      <![CDATA[Update LastName to the Lastname textbox]]>
    </line>
    <line>
      <![CDATA[Update postCode to the Postcode textbox]]>
    </line>
    <line>
      <![CDATA[Update postCode to the Postcode textbox]]>
    </line>
  </reporter-output>
  <suite name="Default suite" duration-ms="33814" started-at="2017-11-20T10:00:30Z" finished-at="2017-11-20T10:01:04Z">
    <groups>
    </groups>
    <test name="Default test" duration-ms="33814" started-at="2017-11-20T10:00:30Z" finished-at="2017-11-20T10:01:04Z">
      <class name="extentReports.ExtentReportsClass">
        <test-method status="PASS" signature="startReport()[pri:0, instance:extentReports.ExtentReportsClass@ff5b51f]" name="startReport" is-config="true" duration-ms="312" started-at="2017-11-20T15:30:30Z" finished-at="2017-11-20T15:30:30Z">
          <reporter-output>
          </reporter-output>
        </test-method> <!-- startReport -->
        <test-method status="FAIL" signature="failTest()[pri:0, instance:extentReports.ExtentReportsClass@ff5b51f]" name="failTest" duration-ms="16" started-at="2017-11-20T15:30:30Z" finished-at="2017-11-20T15:30:30Z">
          <exception class="java.lang.AssertionError">
            <message>
              <![CDATA[expected [true] but found [false]]]>
            </message>
            <full-stacktrace>
              <![CDATA[java.lang.AssertionError: expected [true] but found [false]
	at org.testng.Assert.fail(Assert.java:93)
	at org.testng.Assert.failNotEquals(Assert.java:512)
	at org.testng.Assert.assertTrue(Assert.java:41)
	at org.testng.Assert.assertTrue(Assert.java:51)
	at extentReports.ExtentReportsClass.failTest(ExtentReportsClass.java:60)
	at sun.reflect.NativeMethodAccessorImpl.invoke0(Native Method)
	at sun.reflect.NativeMethodAccessorImpl.invoke(NativeMethodAccessorImpl.java:62)
	at sun.reflect.DelegatingMethodAccessorImpl.invoke(DelegatingMethodAccessorImpl.java:43)
	at java.lang.reflect.Method.invoke(Method.java:498)
	at org.testng.internal.MethodInvocationHelper.invokeMethod(MethodInvocationHelper.java:108)
	at org.testng.internal.Invoker.invokeMethod(Invoker.java:661)
	at org.testng.internal.Invoker.invokeTestMethod(Invoker.java:869)
	at org.testng.internal.Invoker.invokeTestMethods(Invoker.java:1193)
	at org.testng.internal.TestMethodWorker.invokeTestMethods(TestMethodWorker.java:126)
	at org.testng.internal.TestMethodWorker.run(TestMethodWorker.java:109)
	at org.testng.TestRunner.privateRun(TestRunner.java:744)
	at org.testng.TestRunner.run(TestRunner.java:602)
	at org.testng.SuiteRunner.runTest(SuiteRunner.java:380)
	at org.testng.SuiteRunner.runSequentially(SuiteRunner.java:375)
	at org.testng.SuiteRunner.privateRun(SuiteRunner.java:340)
	at org.testng.SuiteRunner.run(SuiteRunner.java:289)
	at org.testng.SuiteRunnerWorker.runSuite(SuiteRunnerWorker.java:52)
	at org.testng.SuiteRunnerWorker.run(SuiteRunnerWorker.java:86)
	at org.testng.TestNG.runSuitesSequentially(TestNG.java:1301)
	at org.testng.TestNG.runSuitesLocally(TestNG.java:1226)
	at org.testng.TestNG.runSuites(TestNG.java:1144)
	at org.testng.TestNG.run(TestNG.java:1115)
	at org.testng.remote.AbstractRemoteTestNG.run(AbstractRemoteTestNG.java:114)
	at org.testng.remote.RemoteTestNG.initAndRun(RemoteTestNG.java:251)
	at org.testng.remote.RemoteTestNG.main(RemoteTestNG.java:77)
]]>
            </full-stacktrace>
          </exception> <!-- java.lang.AssertionError -->
          <reporter-output>
          </reporter-output>
        </test-method> <!-- failTest -->
        <test-method status="PASS" signature="getResult(org.testng.ITestResult)[pri:0, instance:extentReports.ExtentReportsClass@ff5b51f]" name="getResult" is-config="true" duration-ms="0" started-at="2017-11-20T15:30:30Z" finished-at="2017-11-20T15:30:30Z">
          <params>
            <param index="0">
              <value>
                <![CDATA[[TestResult name=failTest status=FAILURE method=ExtentReportsClass.failTest()[pri:0, instance:extentReports.ExtentReportsClass@ff5b51f] output={null}]]]>
              </value>
            </param>
          </params>
          <reporter-output>
          </reporter-output>
        </test-method> <!-- getResult -->
        <test-method status="PASS" signature="passTest()[pri:0, instance:extentReports.ExtentReportsClass@ff5b51f]" name="passTest" duration-ms="0" started-at="2017-11-20T15:30:30Z" finished-at="2017-11-20T15:30:30Z">
          <reporter-output>
          </reporter-output>
        </test-method> <!-- passTest -->
        <test-method status="PASS" signature="getResult(org.testng.ITestResult)[pri:0, instance:extentReports.ExtentReportsClass@ff5b51f]" name="getResult" is-config="true" duration-ms="0" started-at="2017-11-20T15:30:30Z" finished-at="2017-11-20T15:30:30Z">
          <params>
            <param index="0">
              <value>
                <![CDATA[[TestResult name=skipTest status=SKIP method=ExtentReportsClass.skipTest()[pri:0, instance:extentReports.ExtentReportsClass@ff5b51f] output={null}]]]>
              </value>
            </param>
          </params>
          <reporter-output>
          </reporter-output>
        </test-method> <!-- getResult -->
        <test-method status="SKIP" signature="skipTest()[pri:0, instance:extentReports.ExtentReportsClass@ff5b51f]" name="skipTest" duration-ms="0" started-at="2017-11-20T15:30:30Z" finished-at="2017-11-20T15:30:30Z">
          <exception class="org.testng.SkipException">
            <message>
              <![CDATA[Skipping - This is not ready for testing ]]>
            </message>
            <full-stacktrace>
              <![CDATA[org.testng.SkipException: Skipping - This is not ready for testing 
	at extentReports.ExtentReportsClass.skipTest(ExtentReportsClass.java:67)
	at sun.reflect.NativeMethodAccessorImpl.invoke0(Native Method)
	at sun.reflect.NativeMethodAccessorImpl.invoke(NativeMethodAccessorImpl.java:62)
	at sun.reflect.DelegatingMethodAccessorImpl.invoke(DelegatingMethodAccessorImpl.java:43)
	at java.lang.reflect.Method.invoke(Method.java:498)
	at org.testng.internal.MethodInvocationHelper.invokeMethod(MethodInvocationHelper.java:108)
	at org.testng.internal.Invoker.invokeMethod(Invoker.java:661)
	at org.testng.internal.Invoker.invokeTestMethod(Invoker.java:869)
	at org.testng.internal.Invoker.invokeTestMethods(Invoker.java:1193)
	at org.testng.internal.TestMethodWorker.invokeTestMethods(TestMethodWorker.java:126)
	at org.testng.internal.TestMethodWorker.run(TestMethodWorker.java:109)
	at org.testng.TestRunner.privateRun(TestRunner.java:744)
	at org.testng.TestRunner.run(TestRunner.java:602)
	at org.testng.SuiteRunner.runTest(SuiteRunner.java:380)
	at org.testng.SuiteRunner.runSequentially(SuiteRunner.java:375)
	at org.testng.SuiteRunner.privateRun(SuiteRunner.java:340)
	at org.testng.SuiteRunner.run(SuiteRunner.java:289)
	at org.testng.SuiteRunnerWorker.runSuite(SuiteRunnerWorker.java:52)
	at org.testng.SuiteRunnerWorker.run(SuiteRunnerWorker.java:86)
	at org.testng.TestNG.runSuitesSequentially(TestNG.java:1301)
	at org.testng.TestNG.runSuitesLocally(TestNG.java:1226)
	at org.testng.TestNG.runSuites(TestNG.java:1144)
	at org.testng.TestNG.run(TestNG.java:1115)
	at org.testng.remote.AbstractRemoteTestNG.run(AbstractRemoteTestNG.java:114)
	at org.testng.remote.RemoteTestNG.initAndRun(RemoteTestNG.java:251)
	at org.testng.remote.RemoteTestNG.main(RemoteTestNG.java:77)
]]>
            </full-stacktrace>
          </exception> <!-- org.testng.SkipException -->
          <reporter-output>
          </reporter-output>
        </test-method> <!-- skipTest -->
        <test-method status="PASS" signature="getResult(org.testng.ITestResult)[pri:0, instance:extentReports.ExtentReportsClass@ff5b51f]" name="getResult" is-config="true" duration-ms="0" started-at="2017-11-20T15:30:30Z" finished-at="2017-11-20T15:30:30Z">
          <params>
            <param index="0">
              <value>
                <![CDATA[[TestResult name=passTest status=SUCCESS method=ExtentReportsClass.passTest()[pri:0, instance:extentReports.ExtentReportsClass@ff5b51f] output={null}]]]>
              </value>
            </param>
          </params>
          <reporter-output>
          </reporter-output>
        </test-method> <!-- getResult -->
        <test-method status="PASS" signature="endReport()[pri:0, instance:extentReports.ExtentReportsClass@ff5b51f]" name="endReport" is-config="true" duration-ms="400" started-at="2017-11-20T15:31:03Z" finished-at="2017-11-20T15:31:04Z">
          <reporter-output>
          </reporter-output>
        </test-method> <!-- endReport -->
      </class> <!-- extentReports.ExtentReportsClass -->
      <class name="testScripts.login.TestLogin1">
        <test-method status="PASS" signature="setUp()[pri:0, instance:testScripts.login.TestLogin1@25bbe1b6]" name="setUp" is-config="true" duration-ms="9922" started-at="2017-11-20T15:30:30Z" finished-at="2017-11-20T15:30:40Z">
          <reporter-output>
            <line>
              <![CDATA[waiting for page to load...]]>
            </line>
            <line>
              <![CDATA[Page is loaded]]>
            </line>
          </reporter-output>
        </test-method> <!-- setUp -->
        <test-method status="PASS" signature="testLogin()[pri:0, instance:testScripts.login.TestLogin1@25bbe1b6]" name="testLogin" duration-ms="2422" started-at="2017-11-20T15:30:40Z" finished-at="2017-11-20T15:30:43Z">
          <reporter-output>
            <line>
              <![CDATA[entering userName to the userName textbox]]>
            </line>
            <line>
              <![CDATA[entering password to the password textbox]]>
            </line>
            <line>
              <![CDATA[clicking on login button]]>
            </line>
          </reporter-output>
        </test-method> <!-- testLogin -->
        <test-method status="PASS" signature="tearDown(org.testng.ITestResult)[pri:0, instance:testScripts.login.TestLogin1@25bbe1b6]" name="tearDown" is-config="true" duration-ms="654" started-at="2017-11-20T15:30:43Z" finished-at="2017-11-20T15:30:43Z">
          <params>
            <param index="0">
              <value>
                <![CDATA[[TestResult name=testLogin status=SUCCESS method=TestLogin1.testLogin()[pri:0, instance:testScripts.login.TestLogin1@25bbe1b6] output=entering userName to the userName textbox]]]>
              </value>
            </param>
          </params>
          <reporter-output>
          </reporter-output>
        </test-method> <!-- tearDown -->
      </class> <!-- testScripts.login.TestLogin1 -->
      <class name="testScripts.login.UpdateProfile1">
        <test-method status="PASS" signature="setUp()[pri:0, instance:testScripts.login.UpdateProfile1@5702b3b1]" name="setUp" is-config="true" duration-ms="10143" started-at="2017-11-20T15:30:43Z" finished-at="2017-11-20T15:30:53Z">
          <reporter-output>
            <line>
              <![CDATA[waiting for page to load...]]>
            </line>
            <line>
              <![CDATA[Page is loaded]]>
            </line>
            <line>
              <![CDATA[entering userName to the userName textbox]]>
            </line>
            <line>
              <![CDATA[entering password to the password textbox]]>
            </line>
            <line>
              <![CDATA[clicking on login button]]>
            </line>
          </reporter-output>
        </test-method> <!-- setUp -->
        <test-method status="PASS" signature="updateprofile()[pri:0, instance:testScripts.login.UpdateProfile1@5702b3b1]" name="updateprofile" duration-ms="9235" started-at="2017-11-20T15:30:53Z" finished-at="2017-11-20T15:31:03Z">
          <reporter-output>
            <line>
              <![CDATA[entering First name to the FirstName textbox]]>
            </line>
            <line>
              <![CDATA[Update LastName to the Lastname textbox]]>
            </line>
            <line>
              <![CDATA[Update postCode to the Postcode textbox]]>
            </line>
            <line>
              <![CDATA[Update postCode to the Postcode textbox]]>
            </line>
          </reporter-output>
        </test-method> <!-- updateprofile -->
        <test-method status="PASS" signature="testDown()[pri:0, instance:testScripts.login.UpdateProfile1@5702b3b1]" name="testDown" is-config="true" duration-ms="671" started-at="2017-11-20T15:31:03Z" finished-at="2017-11-20T15:31:03Z">
          <reporter-output>
          </reporter-output>
        </test-method> <!-- testDown -->
      </class> <!-- testScripts.login.UpdateProfile1 -->
    </test> <!-- Default test -->
  </suite> <!-- Default suite -->
</testng-results>
